<?xml version="1.0" encoding="UTF-8"?>
<!-- Generated by org.testng.reporters.JUnitReportReporter -->
<testsuite hostname="LAPTOP-LVQ6JQ2H" failures="0" tests="1" name="practice.UserTest" time="37.847" errors="0" timestamp="2024-06-11T12:41:51 IST" skipped="0">
  <testcase classname="practice.UserTest" name="test" time="37.847"/>
  <system-out/>
</testsuite> <!-- practice.UserTest -->
